<?xml version="1.0" encoding="UTF-8"?>
<!-- Generated by org.testng.reporters.JUnitReportReporter -->
<testsuite skipped="0" hostname="DESKTOP-21D05M9" name="com.pack2.Sample" tests="1" failures="0" timestamp="02 Mar 2019 09:58:33 GMT" time="25.167" errors="0">
  <testcase name="Launch" time="25.167" classname="com.pack2.Sample"/>
</testsuite> <!-- com.pack2.Sample -->
